<?xml version="1.0" encoding="UTF-8"?>
<testng-results skipped="0" failed="0" ignored="0" total="0" passed="0">
  <reporter-output>
  </reporter-output>
  <suite name="Default suite" duration-ms="8799" started-at="2017-07-07T07:54:47Z" finished-at="2017-07-07T07:54:56Z">
    <groups>
    </groups>
    <test name="Default test" duration-ms="8799" started-at="2017-07-07T07:54:47Z" finished-at="2017-07-07T07:54:56Z">
      <class name="FindBrokenLinksExample">
        <test-method status="PASS" signature="setUp()[pri:0, instance:FindBrokenLinksExample@5442a311]" name="setUp" is-config="true" duration-ms="8581" started-at="2017-07-07T10:54:47Z" finished-at="2017-07-07T10:54:56Z">
          <reporter-output>
          </reporter-output>
        </test-method> <!-- setUp -->
        <test-method status="PASS" signature="tearDown()[pri:0, instance:FindBrokenLinksExample@5442a311]" name="tearDown" is-config="true" duration-ms="209" started-at="2017-07-07T10:54:56Z" finished-at="2017-07-07T10:54:56Z">
          <reporter-output>
          </reporter-output>
        </test-method> <!-- tearDown -->
      </class> <!-- FindBrokenLinksExample -->
    </test> <!-- Default test -->
  </suite> <!-- Default suite -->
</testng-results>
